<?xml version="1.0" encoding="UTF-8"?>
<!-- Generated by org.testng.reporters.JUnitReportReporter -->
<testsuite skipped="0" hostname="LAPTOP-1IAHNGHN" name="com.herokuapp.theinternet.Elements.HandlingWindows" tests="1" failures="0" timestamp="29 Jun 2020 07:47:45 GMT" time="27.470" errors="0">
  <testcase name="handlingwindows" time="27.470" classname="com.herokuapp.theinternet.Elements.HandlingWindows"/>
</testsuite> <!-- com.herokuapp.theinternet.Elements.HandlingWindows -->
