<?xml version="1.0" encoding="UTF-8"?>
<!-- Generated by org.testng.reporters.JUnitReportReporter -->
<testsuite skipped="0" hostname="LAPTOP-1IAHNGHN" name="com.herokuapp.theinternet.Elements.TableWithFilter" tests="1" failures="0" timestamp="29 Jun 2020 08:32:15 GMT" time="18.725" errors="0">
  <testcase name="filterTable" time="18.725" classname="com.herokuapp.theinternet.Elements.TableWithFilter"/>
</testsuite> <!-- com.herokuapp.theinternet.Elements.TableWithFilter -->
