<?xml version="1.0" encoding="UTF-8"?>
<!-- Generated by org.testng.reporters.JUnitReportReporter -->
<testsuite skipped="0" hostname="LAPTOP-1IAHNGHN" name="com.herokuapp.theinternet.Elements.AlertsTypes" tests="1" failures="0" timestamp="29 Jun 2020 08:22:46 GMT" time="55.478" errors="0">
  <testcase name="handlingDifferentAlerts" time="55.478" classname="com.herokuapp.theinternet.Elements.AlertsTypes"/>
</testsuite> <!-- com.herokuapp.theinternet.Elements.AlertsTypes -->
