<?xml version="1.0" encoding="UTF-8"?>
<!-- Generated by org.testng.reporters.JUnitReportReporter -->
<testsuite skipped="0" hostname="LAPTOP-1IAHNGHN" name="com.herokuapp.theinternet.Elements.DropDownSelect" tests="1" failures="0" timestamp="29 Jun 2020 08:22:46 GMT" time="18.080" errors="0">
  <testcase name="SelectdropDown" time="18.080" classname="com.herokuapp.theinternet.Elements.DropDownSelect"/>
</testsuite> <!-- com.herokuapp.theinternet.Elements.DropDownSelect -->
