<?xml version="1.0" encoding="UTF-8"?>
<!-- Generated by org.testng.reporters.JUnitReportReporter -->
<testsuite skipped="0" hostname="LAPTOP-1IAHNGHN" name="com.herokuapp.theinternet.Elements.TableWithFilter" tests="1" failures="0" timestamp="30 Jun 2020 09:31:06 GMT" time="17.928" errors="0">
  <testcase name="filterTable" time="17.928" classname="com.herokuapp.theinternet.Elements.TableWithFilter"/>
</testsuite> <!-- com.herokuapp.theinternet.Elements.TableWithFilter -->
