<?xml version="1.0" encoding="UTF-8"?>
<!-- Generated by org.testng.reporters.JUnitReportReporter -->
<testsuite skipped="0" hostname="LAPTOP-1IAHNGHN" name="com.herokuapp.theinternet.Elements.DropDownSelect" tests="1" failures="0" timestamp="30 Jun 2020 09:31:06 GMT" time="17.520" errors="0">
  <testcase name="SelectdropDown" time="17.520" classname="com.herokuapp.theinternet.Elements.DropDownSelect"/>
</testsuite> <!-- com.herokuapp.theinternet.Elements.DropDownSelect -->
